<?xml version="1.0" encoding="UTF-8"?>
<!-- Generated by org.testng.reporters.JUnitReportReporter -->
<testsuite skipped="0" hostname="WIN-NFDCINOH1RK" name="tours.tours.HandsonTestNg" tests="3" failures="0" timestamp="2020-02-05T12:36:58 UTC" time="16.118" errors="0">
  <testcase name="f" time="5.871" classname="tours.tours.HandsonTestNg"/>
  <testcase name="f" time="5.115" classname="tours.tours.HandsonTestNg"/>
  <testcase name="f" time="5.132" classname="tours.tours.HandsonTestNg"/>
</testsuite> <!-- tours.tours.HandsonTestNg -->
