<?xml version="1.0" encoding="UTF-8"?>
<!-- Generated by org.testng.reporters.JUnitReportReporter -->
<testsuite skipped="0" hostname="WIN-NFDCINOH1RK" name="tours.tours.Srini" tests="1" failures="0" timestamp="2020-02-07T10:02:31 UTC" time="0.020" errors="0">
  <testcase name="f" time="0.020" classname="tours.tours.Srini"/>
</testsuite> <!-- tours.tours.Srini -->
