<?xml version="1.0" encoding="UTF-8"?>
<!-- Generated by org.testng.reporters.JUnitReportReporter -->
<testsuite skipped="1" hostname="WIN-NFDCINOH1RK" name="tours.tours.Handson" tests="2" failures="0" timestamp="2020-02-05T12:06:28 UTC" time="3.590" errors="0">
  <testcase name="f1" time="3.590" classname="tours.tours.Handson"/>
  <testcase name="f" classname="tours.tours.Handson">
    <skipped/>
  </testcase> <!-- f -->
</testsuite> <!-- tours.tours.Handson -->
