<?xml version="1.0" encoding="UTF-8"?>
<!-- Generated by org.testng.reporters.JUnitReportReporter -->
<testsuite skipped="0" hostname="WIN-NFDCINOH1RK" name="tours.tours.TestNg123" tests="3" failures="0" timestamp="2020-02-04T09:44:07 UTC" time="0.034" errors="0">
  <testcase name="Registration" time="0.032" classname="tours.tours.TestNg123"/>
  <testcase name="login" time="0.001" classname="tours.tours.TestNg123"/>
  <testcase name="logout" time="0.001" classname="tours.tours.TestNg123"/>
</testsuite> <!-- tours.tours.TestNg123 -->
