<?xml version="1.0" encoding="UTF-8"?>
<!-- Generated by org.testng.reporters.JUnitReportReporter -->
<testsuite skipped="0" hostname="WIN-NFDCINOH1RK" name="tours.tours.Srini123Demo" tests="2" failures="0" timestamp="2020-02-07T10:05:20 UTC" time="0.014" errors="0">
  <testcase name="f" time="0.014" classname="tours.tours.Srini123Demo"/>
  <testcase name="f" time="0.000" classname="tours.tours.Srini123Demo"/>
</testsuite> <!-- tours.tours.Srini123Demo -->
