<?xml version="1.0" encoding="UTF-8"?>
<!-- Generated by org.testng.reporters.JUnitReportReporter -->
<testsuite skipped="0" hostname="WIN-NFDCINOH1RK" name="tours.tours.Calltest12" tests="1" failures="0" timestamp="2020-02-04T12:00:20 UTC" time="2.157" errors="0">
  <testcase name="f" time="2.157" classname="tours.tours.Calltest12"/>
</testsuite> <!-- tours.tours.Calltest12 -->
